This is pdfTeX, Version 3.14159265-2.6-1.40.15 (TeX Live 2014) (preloaded format=pdflatex 2014.5.25)  13 FEB 2017 11:58
entering extended mode
 restricted \write18 enabled.
 %&-line parsing enabled.
**assignment1.tex
(./assignment1.tex
LaTeX2e <2014/05/01>
Babel <3.9k> and hyphenation patterns for 78 languages loaded.
(/usr/local/texlive/2014/texmf-dist/tex/latex/IEEEtran/IEEEtran.cls
Document Class: IEEEtran 2012/12/27 V1.8 by Michael Shell
-- See the "IEEEtran_HOWTO" manual for usage information.
-- http://www.michaelshell.org/tex/ieeetran/
\@IEEEtrantmpdimenA=\dimen102
\@IEEEtrantmpdimenB=\dimen103
\@IEEEtrantmpcountA=\count79
\@IEEEtrantmpcountB=\count80
\@IEEEtrantmptoksA=\toks14
LaTeX Font Info:    Try loading font information for OT1+ptm on input line 368.

(/usr/local/texlive/2014/texmf-dist/tex/latex/psnfss/ot1ptm.fd
File: ot1ptm.fd 2001/06/04 font definitions for OT1/ptm.
)
** ATTENTION: Single column mode is not typically used with IEEE publications.
-- Using 8.5in x 11in (letter) paper.
-- Using PDF output.
\@IEEEnormalsizeunitybaselineskip=\dimen104
-- This is a 10 point document.
\CLASSINFOnormalsizebaselineskip=\dimen105
\CLASSINFOnormalsizeunitybaselineskip=\dimen106
\IEEEnormaljot=\dimen107
LaTeX Font Info:    Font shape `OT1/ptm/bx/n' in size <5> not available
(Font)              Font shape `OT1/ptm/b/n' tried instead on input line 726.
LaTeX Font Info:    Font shape `OT1/ptm/bx/it' in size <5> not available
(Font)              Font shape `OT1/ptm/b/it' tried instead on input line 726.
LaTeX Font Info:    Font shape `OT1/ptm/bx/n' in size <7> not available
(Font)              Font shape `OT1/ptm/b/n' tried instead on input line 726.
LaTeX Font Info:    Font shape `OT1/ptm/bx/it' in size <7> not available
(Font)              Font shape `OT1/ptm/b/it' tried instead on input line 726.
LaTeX Font Info:    Font shape `OT1/ptm/bx/n' in size <8> not available
(Font)              Font shape `OT1/ptm/b/n' tried instead on input line 726.
LaTeX Font Info:    Font shape `OT1/ptm/bx/it' in size <8> not available
(Font)              Font shape `OT1/ptm/b/it' tried instead on input line 726.
LaTeX Font Info:    Font shape `OT1/ptm/bx/n' in size <9> not available
(Font)              Font shape `OT1/ptm/b/n' tried instead on input line 726.
LaTeX Font Info:    Font shape `OT1/ptm/bx/it' in size <9> not available
(Font)              Font shape `OT1/ptm/b/it' tried instead on input line 726.
LaTeX Font Info:    Font shape `OT1/ptm/bx/n' in size <10> not available
(Font)              Font shape `OT1/ptm/b/n' tried instead on input line 726.
LaTeX Font Info:    Font shape `OT1/ptm/bx/it' in size <10> not available
(Font)              Font shape `OT1/ptm/b/it' tried instead on input line 726.
LaTeX Font Info:    Font shape `OT1/ptm/bx/n' in size <11> not available
(Font)              Font shape `OT1/ptm/b/n' tried instead on input line 726.
LaTeX Font Info:    Font shape `OT1/ptm/bx/it' in size <11> not available
(Font)              Font shape `OT1/ptm/b/it' tried instead on input line 726.
LaTeX Font Info:    Font shape `OT1/ptm/bx/n' in size <12> not available
(Font)              Font shape `OT1/ptm/b/n' tried instead on input line 726.
LaTeX Font Info:    Font shape `OT1/ptm/bx/it' in size <12> not available
(Font)              Font shape `OT1/ptm/b/it' tried instead on input line 726.
LaTeX Font Info:    Font shape `OT1/ptm/bx/n' in size <17> not available
(Font)              Font shape `OT1/ptm/b/n' tried instead on input line 726.
LaTeX Font Info:    Font shape `OT1/ptm/bx/it' in size <17> not available
(Font)              Font shape `OT1/ptm/b/it' tried instead on input line 726.
LaTeX Font Info:    Font shape `OT1/ptm/bx/n' in size <20> not available
(Font)              Font shape `OT1/ptm/b/n' tried instead on input line 726.
LaTeX Font Info:    Font shape `OT1/ptm/bx/it' in size <20> not available
(Font)              Font shape `OT1/ptm/b/it' tried instead on input line 726.
LaTeX Font Info:    Font shape `OT1/ptm/bx/n' in size <24> not available
(Font)              Font shape `OT1/ptm/b/n' tried instead on input line 726.
LaTeX Font Info:    Font shape `OT1/ptm/bx/it' in size <24> not available
(Font)              Font shape `OT1/ptm/b/it' tried instead on input line 726.
\IEEEilabelindentA=\dimen108
\IEEEilabelindentB=\dimen109
\IEEEilabelindent=\dimen110
\IEEEelabelindent=\dimen111
\IEEEdlabelindent=\dimen112
\IEEElabelindent=\dimen113
\IEEEiednormlabelsep=\dimen114
\IEEEiedmathlabelsep=\dimen115
\IEEEiedtopsep=\skip41
\c@section=\count81
\c@subsection=\count82
\c@subsubsection=\count83
\c@paragraph=\count84
\c@IEEEsubequation=\count85
\abovecaptionskip=\skip42
\belowcaptionskip=\skip43
\c@figure=\count86
\c@table=\count87
\@IEEEeqnnumcols=\count88
\@IEEEeqncolcnt=\count89
\@IEEEsubeqnnumrollback=\count90
\@IEEEtmpitemindent=\dimen116
\c@IEEEbiography=\count91
\@IEEEtranrubishbin=\box26
) (/usr/local/texlive/2014/texmf-dist/tex/latex/amsmath/amsmath.sty
Package: amsmath 2013/01/14 v2.14 AMS math features
\@mathmargin=\skip44

For additional information on amsmath, use the `?' option.
(/usr/local/texlive/2014/texmf-dist/tex/latex/amsmath/amstext.sty
Package: amstext 2000/06/29 v2.01

(/usr/local/texlive/2014/texmf-dist/tex/latex/amsmath/amsgen.sty
File: amsgen.sty 1999/11/30 v2.0
\@emptytoks=\toks15
\ex@=\dimen117
))
(/usr/local/texlive/2014/texmf-dist/tex/latex/amsmath/amsbsy.sty
Package: amsbsy 1999/11/29 v1.2d
\pmbraise@=\dimen118
)
(/usr/local/texlive/2014/texmf-dist/tex/latex/amsmath/amsopn.sty
Package: amsopn 1999/12/14 v2.01 operator names
)
\inf@bad=\count92
LaTeX Info: Redefining \frac on input line 210.
\uproot@=\count93
\leftroot@=\count94
LaTeX Info: Redefining \overline on input line 306.
\classnum@=\count95
\DOTSCASE@=\count96
LaTeX Info: Redefining \ldots on input line 378.
LaTeX Info: Redefining \dots on input line 381.
LaTeX Info: Redefining \cdots on input line 466.
\Mathstrutbox@=\box27
\strutbox@=\box28
\big@size=\dimen119
LaTeX Font Info:    Redeclaring font encoding OML on input line 566.
LaTeX Font Info:    Redeclaring font encoding OMS on input line 567.
\macc@depth=\count97
\c@MaxMatrixCols=\count98
\dotsspace@=\muskip10
\c@parentequation=\count99
\dspbrk@lvl=\count100
\tag@help=\toks16
\row@=\count101
\column@=\count102
\maxfields@=\count103
\andhelp@=\toks17
\eqnshift@=\dimen120
\alignsep@=\dimen121
\tagshift@=\dimen122
\tagwidth@=\dimen123
\totwidth@=\dimen124
\lineht@=\dimen125
\@envbody=\toks18
\multlinegap=\skip45
\multlinetaggap=\skip46
\mathdisplay@stack=\toks19
LaTeX Info: Redefining \[ on input line 2665.
LaTeX Info: Redefining \] on input line 2666.
)
(/usr/local/texlive/2014/texmf-dist/tex/latex/mh/mathtools.sty
Package: mathtools 2014/05/21 v1.14 mathematical typesetting tools

(/usr/local/texlive/2014/texmf-dist/tex/latex/graphics/keyval.sty
Package: keyval 2014/05/08 v1.15 key=value parser (DPC)
\KV@toks@=\toks20
)
(/usr/local/texlive/2014/texmf-dist/tex/latex/tools/calc.sty
Package: calc 2007/08/22 v4.3 Infix arithmetic (KKT,FJ)
\calc@Acount=\count104
\calc@Bcount=\count105
\calc@Adimen=\dimen126
\calc@Bdimen=\dimen127
\calc@Askip=\skip47
\calc@Bskip=\skip48
LaTeX Info: Redefining \setlength on input line 75.
LaTeX Info: Redefining \addtolength on input line 76.
\calc@Ccount=\count106
\calc@Cskip=\skip49
)
(/usr/local/texlive/2014/texmf-dist/tex/latex/mh/mhsetup.sty
Package: mhsetup 2010/01/21 v1.2a programming setup (MH)
)
LaTeX Info: Thecontrolsequence`\['isalreadyrobust on input line 129.
LaTeX Info: Thecontrolsequence`\]'isalreadyrobust on input line 129.
\g_MT_multlinerow_int=\count107
\l_MT_multwidth_dim=\dimen128
\origjot=\skip50
\l_MT_shortvdotswithinadjustabove_dim=\dimen129
\l_MT_shortvdotswithinadjustbelow_dim=\dimen130
\l_MT_above_intertext_sep=\dimen131
\l_MT_below_intertext_sep=\dimen132
\l_MT_above_shortintertext_sep=\dimen133
\l_MT_below_shortintertext_sep=\dimen134
)
(/usr/local/texlive/2014/texmf-dist/tex/latex/graphics/graphicx.sty
Package: graphicx 2014/04/25 v1.0g Enhanced LaTeX Graphics (DPC,SPQR)

(/usr/local/texlive/2014/texmf-dist/tex/latex/graphics/graphics.sty
Package: graphics 2009/02/05 v1.0o Standard LaTeX Graphics (DPC,SPQR)

(/usr/local/texlive/2014/texmf-dist/tex/latex/graphics/trig.sty
Package: trig 1999/03/16 v1.09 sin cos tan (DPC)
)
(/usr/local/texlive/2014/texmf-dist/tex/latex/latexconfig/graphics.cfg
File: graphics.cfg 2010/04/23 v1.9 graphics configuration of TeX Live
)
Package graphics Info: Driver file: pdftex.def on input line 91.

(/usr/local/texlive/2014/texmf-dist/tex/latex/pdftex-def/pdftex.def
File: pdftex.def 2011/05/27 v0.06d Graphics/color for pdfTeX

(/usr/local/texlive/2014/texmf-dist/tex/generic/oberdiek/infwarerr.sty
Package: infwarerr 2010/04/08 v1.3 Providing info/warning/error messages (HO)
)
(/usr/local/texlive/2014/texmf-dist/tex/generic/oberdiek/ltxcmds.sty
Package: ltxcmds 2011/11/09 v1.22 LaTeX kernel commands for general use (HO)
)
\Gread@gobject=\count108
))
\Gin@req@height=\dimen135
\Gin@req@width=\dimen136
)
(/usr/local/texlive/2014/texmf-dist/tex/latex/enumitem/enumitem.sty
Package: enumitem 2011/09/28 v3.5.2 Customized lists
\labelindent=\skip51
\enit@outerparindent=\dimen137
\enit@toks=\toks21
\enit@inbox=\box29
\enitdp@description=\count109
)
(/usr/local/texlive/2014/texmf-dist/tex/latex/graphics/epsfig.sty
Package: epsfig 1999/02/16 v1.7a (e)psfig emulation (SPQR)
\epsfxsize=\dimen138
\epsfysize=\dimen139
)
(/usr/local/texlive/2014/texmf-dist/tex/latex/graphics/color.sty
Package: color 2014/04/23 v1.1a Standard LaTeX Color (DPC)

(/usr/local/texlive/2014/texmf-dist/tex/latex/latexconfig/color.cfg
File: color.cfg 2007/01/18 v1.5 color configuration of teTeX/TeXLive
)
Package color Info: Driver file: pdftex.def on input line 137.
)
(/usr/local/texlive/2014/texmf-dist/tex/latex/subfigure/subfigure.sty
Package: subfigure 2002/03/15 v2.1.5 subfigure package
\subfigtopskip=\skip52
\subfigcapskip=\skip53
\subfigcaptopadj=\dimen140
\subfigbottomskip=\skip54
\subfigcapmargin=\dimen141
\subfiglabelskip=\skip55
\c@subfigure=\count110
\c@lofdepth=\count111
\c@subtable=\count112
\c@lotdepth=\count113

****************************************
* Local config file subfigure.cfg used *
****************************************
(/usr/local/texlive/2014/texmf-dist/tex/latex/subfigure/subfigure.cfg)
\subfig@top=\skip56
\subfig@bottom=\skip57
)
(/usr/local/texlive/2014/texmf-dist/tex/latex/caption/caption.sty
Package: caption 2013/05/02 v3.3-89 Customizing captions (AR)

(/usr/local/texlive/2014/texmf-dist/tex/latex/caption/caption3.sty
Package: caption3 2013/05/02 v1.6-88 caption3 kernel (AR)
Package caption3 Info: TeX engine: e-TeX on input line 57.
\captionmargin=\dimen142
\captionmargin@=\dimen143
\captionwidth=\dimen144
\caption@tempdima=\dimen145
\caption@indent=\dimen146
\caption@parindent=\dimen147
\caption@hangindent=\dimen148
Package caption Info: Unknown document class (or package),
(caption)             standard defaults will be used.
)

Package caption Warning: Unsupported document class (or package) detected,
(caption)                usage of the caption package is not recommended.
See the caption package documentation for explanation.

Package caption Info: \@makecaption = \long macro:#1#2->\ifx \@captype \@IEEEta
blestring \footnotesize \bgroup \par \centering \@IEEEtabletopskipstrut {\norma
lfont \footnotesize #1}\\{\normalfont \footnotesize \scshape #2}\par \addvspace
 {0.5\baselineskip }\egroup \@IEEEtablecaptionsepspace \else \@IEEEfigurecaptio
nsepspace \setbox \@tempboxa \hbox {\normalfont \footnotesize {#1.}\nobreakspac
e \nobreakspace #2}\ifdim \wd \@tempboxa >\hsize \setbox \@tempboxa \hbox {\nor
malfont \footnotesize {#1.}\nobreakspace \nobreakspace }\parbox [t]{\hsize }{\n
ormalfont \footnotesize \noindent \unhbox \@tempboxa #2}\else \ifCLASSOPTIONcon
ference \hbox to\hsize {\normalfont \footnotesize \hfil \box \@tempboxa \hfil }
\else \hbox to\hsize {\normalfont \footnotesize \box \@tempboxa \hfil }\fi \fi 
\fi .
\c@ContinuedFloat=\count114
Package caption Info: subfigure package is loaded.
) (./assignment1.aux

LaTeX Warning: Label `thr' multiply defined.


LaTeX Warning: Label `thr' multiply defined.

)
\openout1 = `assignment1.aux'.

LaTeX Font Info:    Checking defaults for OML/cmm/m/it on input line 15.
LaTeX Font Info:    ... okay on input line 15.
LaTeX Font Info:    Checking defaults for T1/cmr/m/n on input line 15.
LaTeX Font Info:    ... okay on input line 15.
LaTeX Font Info:    Checking defaults for OT1/cmr/m/n on input line 15.
LaTeX Font Info:    ... okay on input line 15.
LaTeX Font Info:    Checking defaults for OMS/cmsy/m/n on input line 15.
LaTeX Font Info:    ... okay on input line 15.
LaTeX Font Info:    Checking defaults for OMX/cmex/m/n on input line 15.
LaTeX Font Info:    ... okay on input line 15.
LaTeX Font Info:    Checking defaults for U/cmr/m/n on input line 15.
LaTeX Font Info:    ... okay on input line 15.
 (/usr/local/texlive/2014/texmf-dist/tex/context/base/supp-pdf.mkii
[Loading MPS to PDF converter (version 2006.09.02).]
\scratchcounter=\count115
\scratchdimen=\dimen149
\scratchbox=\box30
\nofMPsegments=\count116
\nofMParguments=\count117
\everyMPshowfont=\toks22
\MPscratchCnt=\count118
\MPscratchDim=\dimen150
\MPnumerator=\count119
\makeMPintoPDFobject=\count120
\everyMPtoPDFconversion=\toks23
) (/usr/local/texlive/2014/texmf-dist/tex/generic/oberdiek/pdftexcmds.sty
Package: pdftexcmds 2011/11/29 v0.20 Utility functions of pdfTeX for LuaTeX (HO
)

(/usr/local/texlive/2014/texmf-dist/tex/generic/oberdiek/ifluatex.sty
Package: ifluatex 2010/03/01 v1.3 Provides the ifluatex switch (HO)
Package ifluatex Info: LuaTeX not detected.
)
(/usr/local/texlive/2014/texmf-dist/tex/generic/oberdiek/ifpdf.sty
Package: ifpdf 2011/01/30 v2.3 Provides the ifpdf switch (HO)
Package ifpdf Info: pdfTeX in PDF mode is detected.
)
Package pdftexcmds Info: LuaTeX not detected.
Package pdftexcmds Info: \pdf@primitive is available.
Package pdftexcmds Info: \pdf@ifprimitive is available.
Package pdftexcmds Info: \pdfdraftmode found.
)
(/usr/local/texlive/2014/texmf-dist/tex/latex/oberdiek/epstopdf-base.sty
Package: epstopdf-base 2010/02/09 v2.5 Base part for package epstopdf

(/usr/local/texlive/2014/texmf-dist/tex/latex/oberdiek/grfext.sty
Package: grfext 2010/08/19 v1.1 Manage graphics extensions (HO)

(/usr/local/texlive/2014/texmf-dist/tex/generic/oberdiek/kvdefinekeys.sty
Package: kvdefinekeys 2011/04/07 v1.3 Define keys (HO)
))
(/usr/local/texlive/2014/texmf-dist/tex/latex/oberdiek/kvoptions.sty
Package: kvoptions 2011/06/30 v3.11 Key value format for package options (HO)

(/usr/local/texlive/2014/texmf-dist/tex/generic/oberdiek/kvsetkeys.sty
Package: kvsetkeys 2012/04/25 v1.16 Key value parser (HO)

(/usr/local/texlive/2014/texmf-dist/tex/generic/oberdiek/etexcmds.sty
Package: etexcmds 2011/02/16 v1.5 Avoid name clashes with e-TeX commands (HO)
Package etexcmds Info: Could not find \expanded.
(etexcmds)             That can mean that you are not using pdfTeX 1.50 or
(etexcmds)             that some package has redefined \expanded.
(etexcmds)             In the latter case, load this package earlier.
)))
Package grfext Info: Graphics extension search list:
(grfext)             [.png,.pdf,.jpg,.mps,.jpeg,.jbig2,.jb2,.PNG,.PDF,.JPG,.JPE
G,.JBIG2,.JB2,.eps]
(grfext)             \AppendGraphicsExtensions on input line 452.

(/usr/local/texlive/2014/texmf-dist/tex/latex/latexconfig/epstopdf-sys.cfg
File: epstopdf-sys.cfg 2010/07/13 v1.3 Configuration of (r)epstopdf for TeX Liv
e
))
Package caption Info: Begin \AtBeginDocument code.
Package caption Info: End \AtBeginDocument code.
LaTeX Font Info:    Font shape `OT1/ptm/bx/sc' in size <10> not available
(Font)              Font shape `OT1/ptm/b/sc' tried instead on input line 18.

Underfull \hbox (badness 10000) in paragraph at lines 22--23

 []


Underfull \hbox (badness 10000) in paragraph at lines 39--40

 []

Package epstopdf Info: Source file: <Plots/wordFreq_allArticles.eps>
(epstopdf)                    date: 2017-02-12 23:29:53
(epstopdf)                    size: 77342 bytes
(epstopdf)             Output file: <Plots/wordFreq_allArticles-eps-converted-t
o.pdf>
(epstopdf)                    date: 2017-02-13 00:25:42
(epstopdf)                    size: 18873 bytes
(epstopdf)             Command: <repstopdf --outfile=Plots/wordFreq_allArticles
-eps-converted-to.pdf Plots/wordFreq_allArticles.eps>
(epstopdf)             \includegraphics on input line 48.
Package epstopdf Info: Output file is already uptodate.
<Plots/wordFreq_allArticles-eps-converted-to.pdf, id=1, 361.35pt x 252.945pt>
File: Plots/wordFreq_allArticles-eps-converted-to.pdf Graphic file (type pdf)

<use Plots/wordFreq_allArticles-eps-converted-to.pdf>
Package pdftex.def Info: Plots/wordFreq_allArticles-eps-converted-to.pdf used o
n input line 48.
(pdftex.def)             Requested size: 397.48624pt x 278.24036pt.

Underfull \hbox (badness 10000) in paragraph at lines 56--57

 []

[1{/usr/local/texlive/2014/texmf-var/fonts/map/pdftex/updmap/pdftex.map} <./Plo
ts/wordFreq_allArticles-eps-converted-to.pdf>]
Underfull \hbox (badness 10000) in paragraph at lines 74--75

 []

[2] <Plots/euclidVsJaccard.png, id=25, 572.3784pt x 329.0694pt>
File: Plots/euclidVsJaccard.png Graphic file (type png)

<use Plots/euclidVsJaccard.png>
Package pdftex.def Info: Plots/euclidVsJaccard.png used on input line 153.
(pdftex.def)             Requested size: 227.61977pt x 128.03526pt.

<Plots/cosineVsJaccard.png, id=27, 643.203pt x 403.2666pt>
File: Plots/cosineVsJaccard.png Graphic file (type png)

<use Plots/cosineVsJaccard.png>
Package pdftex.def Info: Plots/cosineVsJaccard.png used on input line 155.
(pdftex.def)             Requested size: 227.6173pt x 128.03879pt.

<Plots/euclidVsCosine.png, id=28, 624.8946pt x 435.0654pt>
File: Plots/euclidVsCosine.png Graphic file (type png)

<use Plots/euclidVsCosine.png>
Package pdftex.def Info: Plots/euclidVsCosine.png used on input line 157.
(pdftex.def)             Requested size: 227.62218pt x 128.0378pt.
 [3 <./Plots/euclidVsJaccard.png> <./Plots/cosineVsJaccard.png> <./Plots/euclid
VsCosine.png>]
Package epstopdf Info: Source file: <Plots/similarityUsecase.eps>
(epstopdf)                    date: 2017-02-13 00:15:44
(epstopdf)                    size: 44887 bytes
(epstopdf)             Output file: <Plots/similarityUsecase-eps-converted-to.p
df>
(epstopdf)                    date: 2017-02-13 00:25:45
(epstopdf)                    size: 42900 bytes
(epstopdf)             Command: <repstopdf --outfile=Plots/similarityUsecase-ep
s-converted-to.pdf Plots/similarityUsecase.eps>
(epstopdf)             \includegraphics on input line 170.
Package epstopdf Info: Output file is already uptodate.

<Plots/similarityUsecase-eps-converted-to.pdf, id=35, 361.35pt x 252.945pt>
File: Plots/similarityUsecase-eps-converted-to.pdf Graphic file (type pdf)

<use Plots/similarityUsecase-eps-converted-to.pdf>
Package pdftex.def Info: Plots/similarityUsecase-eps-converted-to.pdf used on i
nput line 170.
(pdftex.def)             Requested size: 325.21199pt x 227.64839pt.
Package epstopdf Info: Source file: <Plots/unsortedEuclideanSimilarity.eps>
(epstopdf)                    date: 2017-02-12 17:44:05
(epstopdf)                    size: 283992 bytes
(epstopdf)             Output file: <Plots/unsortedEuclideanSimilarity-eps-conv
erted-to.pdf>
(epstopdf)                    date: 2017-02-12 18:09:51
(epstopdf)                    size: 602198 bytes
(epstopdf)             Command: <repstopdf --outfile=Plots/unsortedEuclideanSim
ilarity-eps-converted-to.pdf Plots/unsortedEuclideanSimilarity.eps>
(epstopdf)             \includegraphics on input line 188.
Package epstopdf Info: Output file is already uptodate.

<Plots/unsortedEuclideanSimilarity-eps-converted-to.pdf, id=36, 361.35pt x 252.
945pt>
File: Plots/unsortedEuclideanSimilarity-eps-converted-to.pdf Graphic file (type
 pdf)
 <use Plots/unsortedEuclideanSimilarity-eps-converted-to.pdf>
Package pdftex.def Info: Plots/unsortedEuclideanSimilarity-eps-converted-to.pdf
 used on input line 188.
(pdftex.def)             Requested size: 245.71754pt x 172.00418pt.
Package epstopdf Info: Source file: <Plots/unsortedEuclideanSimilarity2D.eps>
(epstopdf)                    date: 2017-02-12 18:06:00
(epstopdf)                    size: 281896 bytes
(epstopdf)             Output file: <Plots/unsortedEuclideanSimilarity2D-eps-co
nverted-to.pdf>
(epstopdf)                    date: 2017-02-12 18:10:45
(epstopdf)                    size: 478329 bytes
(epstopdf)             Command: <repstopdf --outfile=Plots/unsortedEuclideanSim
ilarity2D-eps-converted-to.pdf Plots/unsortedEuclideanSimilarity2D.eps>
(epstopdf)             \includegraphics on input line 190.
Package epstopdf Info: Output file is already uptodate.

<Plots/unsortedEuclideanSimilarity2D-eps-converted-to.pdf, id=37, 361.35pt x 25
2.945pt>
File: Plots/unsortedEuclideanSimilarity2D-eps-converted-to.pdf Graphic file (ty
pe pdf)
 <use Plots/unsortedEuclideanSimilarity2D-eps-converted-to.pdf>
Package pdftex.def Info: Plots/unsortedEuclideanSimilarity2D-eps-converted-to.p
df used on input line 190.
(pdftex.def)             Requested size: 245.71754pt x 172.00418pt.
Package epstopdf Info: Source file: <Plots/sortedEuclideanSimilarity.eps>
(epstopdf)                    date: 2017-02-12 17:44:46
(epstopdf)                    size: 49292 bytes
(epstopdf)             Output file: <Plots/sortedEuclideanSimilarity-eps-conver
ted-to.pdf>
(epstopdf)                    date: 2017-02-12 18:19:49
(epstopdf)                    size: 66884 bytes
(epstopdf)             Command: <repstopdf --outfile=Plots/sortedEuclideanSimil
arity-eps-converted-to.pdf Plots/sortedEuclideanSimilarity.eps>
(epstopdf)             \includegraphics on input line 192.
Package epstopdf Info: Output file is already uptodate.

<Plots/sortedEuclideanSimilarity-eps-converted-to.pdf, id=38, 361.35pt x 252.94
5pt>
File: Plots/sortedEuclideanSimilarity-eps-converted-to.pdf Graphic file (type p
df)
 <use Plots/sortedEuclideanSimilarity-eps-converted-to.pdf>
Package pdftex.def Info: Plots/sortedEuclideanSimilarity-eps-converted-to.pdf u
sed on input line 192.
(pdftex.def)             Requested size: 289.07999pt x 202.35626pt.


LaTeX Warning: `h' float specifier changed to `ht'.

Package epstopdf Info: Source file: <Plots/unsortedCosineSimilarity.eps>
(epstopdf)                    date: 2017-02-12 17:42:10
(epstopdf)                    size: 276095 bytes
(epstopdf)             Output file: <Plots/unsortedCosineSimilarity-eps-convert
ed-to.pdf>
(epstopdf)                    date: 2017-02-12 18:09:53
(epstopdf)                    size: 594001 bytes
(epstopdf)             Command: <repstopdf --outfile=Plots/unsortedCosineSimila
rity-eps-converted-to.pdf Plots/unsortedCosineSimilarity.eps>
(epstopdf)             \includegraphics on input line 216.
Package epstopdf Info: Output file is already uptodate.

<Plots/unsortedCosineSimilarity-eps-converted-to.pdf, id=39, 361.35pt x 252.945
pt>
File: Plots/unsortedCosineSimilarity-eps-converted-to.pdf Graphic file (type pd
f)
 <use Plots/unsortedCosineSimilarity-eps-converted-to.pdf>
Package pdftex.def Info: Plots/unsortedCosineSimilarity-eps-converted-to.pdf us
ed on input line 216.
(pdftex.def)             Requested size: 245.71754pt x 172.00418pt.
Package epstopdf Info: Source file: <Plots/unsortedCosineSimilarity2D.eps>
(epstopdf)                    date: 2017-02-12 18:06:08
(epstopdf)                    size: 274644 bytes
(epstopdf)             Output file: <Plots/unsortedCosineSimilarity2D-eps-conve
rted-to.pdf>
(epstopdf)                    date: 2017-02-12 18:16:37
(epstopdf)                    size: 472764 bytes
(epstopdf)             Command: <repstopdf --outfile=Plots/unsortedCosineSimila
rity2D-eps-converted-to.pdf Plots/unsortedCosineSimilarity2D.eps>
(epstopdf)             \includegraphics on input line 218.
Package epstopdf Info: Output file is already uptodate.

<Plots/unsortedCosineSimilarity2D-eps-converted-to.pdf, id=40, 361.35pt x 252.9
45pt>
File: Plots/unsortedCosineSimilarity2D-eps-converted-to.pdf Graphic file (type 
pdf)
 <use Plots/unsortedCosineSimilarity2D-eps-converted-to.pdf>
Package pdftex.def Info: Plots/unsortedCosineSimilarity2D-eps-converted-to.pdf 
used on input line 218.
(pdftex.def)             Requested size: 245.71754pt x 172.00418pt.
Package epstopdf Info: Source file: <Plots/sortedCosineSimilarity.eps>
(epstopdf)                    date: 2017-02-12 17:44:58
(epstopdf)                    size: 37336 bytes
(epstopdf)             Output file: <Plots/sortedCosineSimilarity-eps-converted
-to.pdf>
(epstopdf)                    date: 2017-02-12 18:19:51
(epstopdf)                    size: 43446 bytes
(epstopdf)             Command: <repstopdf --outfile=Plots/sortedCosineSimilari
ty-eps-converted-to.pdf Plots/sortedCosineSimilarity.eps>
(epstopdf)             \includegraphics on input line 220.
Package epstopdf Info: Output file is already uptodate.

<Plots/sortedCosineSimilarity-eps-converted-to.pdf, id=41, 361.35pt x 252.945pt
>
File: Plots/sortedCosineSimilarity-eps-converted-to.pdf Graphic file (type pdf)

 <use Plots/sortedCosineSimilarity-eps-converted-to.pdf>
Package pdftex.def Info: Plots/sortedCosineSimilarity-eps-converted-to.pdf used
 on input line 220.
(pdftex.def)             Requested size: 245.71754pt x 172.00418pt.


LaTeX Warning: `h' float specifier changed to `ht'.

Package epstopdf Info: Source file: <Plots/unsortedJaccardSimilarity.eps>
(epstopdf)                    date: 2017-02-12 18:44:50
(epstopdf)                    size: 284325 bytes
(epstopdf)             Output file: <Plots/unsortedJaccardSimilarity-eps-conver
ted-to.pdf>
(epstopdf)                    date: 2017-02-12 18:45:06
(epstopdf)                    size: 605002 bytes
(epstopdf)             Command: <repstopdf --outfile=Plots/unsortedJaccardSimil
arity-eps-converted-to.pdf Plots/unsortedJaccardSimilarity.eps>
(epstopdf)             \includegraphics on input line 240.
Package epstopdf Info: Output file is already uptodate.

<Plots/unsortedJaccardSimilarity-eps-converted-to.pdf, id=42, 361.35pt x 252.94
5pt>
File: Plots/unsortedJaccardSimilarity-eps-converted-to.pdf Graphic file (type p
df)
 <use Plots/unsortedJaccardSimilarity-eps-converted-to.pdf>
Package pdftex.def Info: Plots/unsortedJaccardSimilarity-eps-converted-to.pdf u
sed on input line 240.
(pdftex.def)             Requested size: 245.71754pt x 172.00418pt.
Package epstopdf Info: Source file: <Plots/unsortedJaccardSimilarity2D.eps>
(epstopdf)                    date: 2017-02-12 18:44:37
(epstopdf)                    size: 282903 bytes
(epstopdf)             Output file: <Plots/unsortedJaccardSimilarity2D-eps-conv
erted-to.pdf>
(epstopdf)                    date: 2017-02-12 18:45:09
(epstopdf)                    size: 483058 bytes
(epstopdf)             Command: <repstopdf --outfile=Plots/unsortedJaccardSimil
arity2D-eps-converted-to.pdf Plots/unsortedJaccardSimilarity2D.eps>
(epstopdf)             \includegraphics on input line 242.
Package epstopdf Info: Output file is already uptodate.

<Plots/unsortedJaccardSimilarity2D-eps-converted-to.pdf, id=43, 361.35pt x 252.
945pt>
File: Plots/unsortedJaccardSimilarity2D-eps-converted-to.pdf Graphic file (type
 pdf)
 <use Plots/unsortedJaccardSimilarity2D-eps-converted-to.pdf>
Package pdftex.def Info: Plots/unsortedJaccardSimilarity2D-eps-converted-to.pdf
 used on input line 242.
(pdftex.def)             Requested size: 245.71754pt x 172.00418pt.
Package epstopdf Info: Source file: <Plots/sortedJaccardSimilarity.eps>
(epstopdf)                    date: 2017-02-12 21:09:36
(epstopdf)                    size: 43054 bytes
(epstopdf)             Output file: <Plots/sortedJaccardSimilarity-eps-converte
d-to.pdf>
(epstopdf)                    date: 2017-02-12 21:29:19
(epstopdf)                    size: 57575 bytes
(epstopdf)             Command: <repstopdf --outfile=Plots/sortedJaccardSimilar
ity-eps-converted-to.pdf Plots/sortedJaccardSimilarity.eps>
(epstopdf)             \includegraphics on input line 244.
Package epstopdf Info: Output file is already uptodate.

<Plots/sortedJaccardSimilarity-eps-converted-to.pdf, id=44, 361.35pt x 252.945p
t>
File: Plots/sortedJaccardSimilarity-eps-converted-to.pdf Graphic file (type pdf
)
 <use Plots/sortedJaccardSimilarity-eps-converted-to.pdf>
Package pdftex.def Info: Plots/sortedJaccardSimilarity-eps-converted-to.pdf use
d on input line 244.
(pdftex.def)             Requested size: 245.71754pt x 172.00418pt.


LaTeX Warning: `h' float specifier changed to `ht'.

[4 <./Plots/similarityUsecase-eps-converted-to.pdf>] [5 <./Plots/unsortedEuclid
eanSimilarity-eps-converted-to.pdf> <./Plots/unsortedEuclideanSimilarity2D-eps-
converted-to.pdf> <./Plots/sortedEuclideanSimilarity-eps-converted-to.pdf>]
[6 <./Plots/unsortedCosineSimilarity-eps-converted-to.pdf> <./Plots/unsortedCos
ineSimilarity2D-eps-converted-to.pdf> <./Plots/sortedCosineSimilarity-eps-conve
rted-to.pdf>] [7 <./Plots/unsortedJaccardSimilarity-eps-converted-to.pdf> <./Pl
ots/unsortedJaccardSimilarity2D-eps-converted-to.pdf> <./Plots/sortedJaccardSim
ilarity-eps-converted-to.pdf>] (./assignment1.aux)

LaTeX Warning: There were multiply-defined labels.

 ) 
Here is how much of TeX's memory you used:
 4959 strings out of 493117
 81867 string characters out of 6135433
 150411 words of memory out of 5000000
 8359 multiletter control sequences out of 15000+600000
 36305 words of font info for 67 fonts, out of 8000000 for 9000
 1141 hyphenation exceptions out of 8191
 38i,7n,38p,1518b,342s stack positions out of 5000i,500n,10000p,200000b,80000s
{/usr/local/texlive/2014/texmf-dist/fonts/enc/dvips/base/8r.enc}</usr/local/t
exlive/2014/texmf-dist/fonts/type1/public/amsfonts/cm/cmex10.pfb></usr/local/te
xlive/2014/texmf-dist/fonts/type1/public/amsfonts/cm/cmmi10.pfb></usr/local/tex
live/2014/texmf-dist/fonts/type1/public/amsfonts/cm/cmmi7.pfb></usr/local/texli
ve/2014/texmf-dist/fonts/type1/public/amsfonts/cm/cmr10.pfb></usr/local/texlive
/2014/texmf-dist/fonts/type1/public/amsfonts/cm/cmr7.pfb></usr/local/texlive/20
14/texmf-dist/fonts/type1/public/amsfonts/cm/cmsy10.pfb></usr/local/texlive/201
4/texmf-dist/fonts/type1/public/amsfonts/cm/cmsy7.pfb></usr/local/texlive/2014/
texmf-dist/fonts/type1/urw/times/utmb8a.pfb></usr/local/texlive/2014/texmf-dist
/fonts/type1/urw/times/utmbi8a.pfb></usr/local/texlive/2014/texmf-dist/fonts/ty
pe1/urw/times/utmr8a.pfb></usr/local/texlive/2014/texmf-dist/fonts/type1/urw/ti
mes/utmri8a.pfb>
Output written on assignment1.pdf (7 pages, 3724371 bytes).
PDF statistics:
 149 PDF objects out of 1000 (max. 8388607)
 100 compressed objects within 1 object stream
 0 named destinations out of 1000 (max. 500000)
 71 words of extra memory for PDF output out of 10000 (max. 10000000)

